<?xml version="1.0" encoding="UTF-8"?>
<testng-results skipped="0" failed="0" ignored="0" total="1" passed="1">
  <reporter-output>
  </reporter-output>
  <suite name="Default suite" duration-ms="1323" started-at="2021-12-09T13:36:41Z" finished-at="2021-12-09T13:36:42Z">
    <groups>
    </groups>
    <test name="Default test" duration-ms="1323" started-at="2021-12-09T13:36:41Z" finished-at="2021-12-09T13:36:42Z">
      <class name="RestAPI.GetRequest">
        <test-method status="PASS" signature="GetCall()[pri:0, instance:RestAPI.GetRequest@22eeefeb]" name="GetCall" duration-ms="1290" started-at="2021-12-09T13:36:41Z" finished-at="2021-12-09T13:36:42Z">
          <reporter-output>
          </reporter-output>
        </test-method> <!-- GetCall -->
      </class> <!-- RestAPI.GetRequest -->
    </test> <!-- Default test -->
  </suite> <!-- Default suite -->
</testng-results>
